<?xml version="1.0" encoding="UTF-8"?>
<!-- Generated by org.testng.reporters.JUnitReportReporter -->
<testsuite hostname="LAPTOP-TVU5A5LQ" failures="0" tests="1" name="scenario.get" time="4.928" errors="0" timestamp="2022-05-11T14:37:17 IST" skipped="0">
  <testcase classname="scenario.get" name="generate_token" time="4.928"/>
  <system-out/>
</testsuite> <!-- scenario.get -->
